2025-05-03 19:28:51,701 REQUEST_PATH:[ / ] End : 00:00:00.1516121
2025-05-03 19:28:57,803 REQUEST_PATH:[ /Home/Formation ] End : 00:00:01.8401460
2025-05-03 19:28:59,899 REQUEST_PATH:[ /Home/Experiences ] End : 00:00:00.2242162
2025-05-04 09:37:09,319 REQUEST_PATH:[ / ] End : 00:00:00.1267494
2025-05-04 09:37:09,418 REQUEST_PATH:[ /lib/jquery/dist/jquery.min.js ] End : 00:00:00.0860560
2025-05-04 09:37:09,415 REQUEST_PATH:[ /css/site.css ] End : 00:00:00.0919794
2025-05-04 09:37:09,420 REQUEST_PATH:[ /lib/bootstrap/dist/css/bootstrap.min.css ] End : 00:00:00.0966859
2025-05-04 09:37:09,405 REQUEST_PATH:[ /DHA.styles.css ] End : 00:00:00.0817339
2025-05-04 09:37:09,418 REQUEST_PATH:[ /lib/bootstrap/dist/js/bootstrap.bundle.min.js ] End : 00:00:00.0724664
2025-05-04 09:37:09,405 REQUEST_PATH:[ /img/portrait/image2.jpg ] End : 00:00:00.0817569
2025-05-04 09:37:09,405 REQUEST_PATH:[ /js/site.js ] End : 00:00:00.0530335
2025-05-04 09:37:09,405 REQUEST_PATH:[ /img/portrait/image3.jpg ] End : 00:00:00.0655567
2025-05-04 09:37:09,405 REQUEST_PATH:[ /img/portrait/image1.jpg ] End : 00:00:00.0818419
2025-05-04 09:37:09,503 REQUEST_PATH:[ /favicon.ico ] End : 00:00:00.0038873
2025-05-04 09:37:15,644 REQUEST_PATH:[ /img/firm/SCPP.png ] End : 00:00:00.0194457
2025-05-04 09:37:15,648 REQUEST_PATH:[ /img/firm/METSO.png ] End : 00:00:00.0194580
2025-05-04 09:37:15,648 REQUEST_PATH:[ /img/firm/MH.png ] End : 00:00:00.0212670
2025-05-04 09:37:15,650 REQUEST_PATH:[ /img/firm/AJILON.png ] End : 00:00:00.0245247
2025-05-04 09:37:15,653 REQUEST_PATH:[ /img/firm/LMSP.png ] End : 00:00:00.0261527
2025-05-04 09:37:15,663 REQUEST_PATH:[ /img/firm/SERVANTES.png ] End : 00:00:00.0391687
2025-05-04 09:37:15,665 REQUEST_PATH:[ /img/firm/MM.png ] End : 00:00:00.0373699
2025-05-04 09:37:15,669 REQUEST_PATH:[ /img/firm/AGAP2.png ] End : 00:00:00.0110438
2025-05-04 09:37:15,677 REQUEST_PATH:[ /img/firm/W4.png ] End : 00:00:00.0524468
2025-05-04 09:37:15,677 REQUEST_PATH:[ /img/firm/BNPP.png ] End : 00:00:00.0509275
2025-05-04 09:37:15,679 REQUEST_PATH:[ /Home/Experiences ] End : 00:00:02.4172170
2025-05-04 09:43:46,241 REQUEST_PATH:[ / ] End : 00:00:00.1160832
2025-05-04 09:43:46,310 REQUEST_PATH:[ /css/site.css ] End : 00:00:00.0600246
2025-05-04 09:43:46,310 REQUEST_PATH:[ /img/portrait/image2.jpg ] End : 00:00:00.0476975
2025-05-04 09:43:46,310 REQUEST_PATH:[ /DHA.styles.css ] End : 00:00:00.0606564
2025-05-04 09:43:46,310 REQUEST_PATH:[ /lib/bootstrap/dist/css/bootstrap.min.css ] End : 00:00:00.0600212
2025-05-04 09:43:46,310 REQUEST_PATH:[ /img/portrait/image1.jpg ] End : 00:00:00.0529911
2025-05-04 09:43:46,310 REQUEST_PATH:[ /img/portrait/image3.jpg ] End : 00:00:00.0037542
2025-05-04 09:43:46,313 REQUEST_PATH:[ /lib/bootstrap/dist/js/bootstrap.bundle.min.js ] End : 00:00:00.0001580
2025-05-04 09:43:46,313 REQUEST_PATH:[ /lib/jquery/dist/jquery.min.js ] End : 00:00:00.0001603
2025-05-04 09:43:46,318 REQUEST_PATH:[ /js/site.js ] End : 00:00:00.0001675
2025-05-04 09:56:59,081 REQUEST_PATH:[ / ] End : 00:00:00.1165777
2025-05-04 09:56:59,108 REQUEST_PATH:[ /img/portrait/image2.jpg ] End : 00:00:00.0030961
2025-05-04 09:56:59,110 REQUEST_PATH:[ /img/portrait/image1.jpg ] End : 00:00:00.0179431
2025-05-04 09:56:59,110 REQUEST_PATH:[ /DHA.styles.css ] End : 00:00:00.0179531
2025-05-04 09:56:59,110 REQUEST_PATH:[ /lib/bootstrap/dist/css/bootstrap.min.css ] End : 00:00:00.0179563
2025-05-04 09:56:59,110 REQUEST_PATH:[ /css/site.css ] End : 00:00:00.0178843
2025-05-04 09:56:59,110 REQUEST_PATH:[ /lib/jquery/dist/jquery.min.js ] End : 00:00:00.0091219
2025-05-04 09:56:59,113 REQUEST_PATH:[ /img/portrait/image3.jpg ] End : 00:00:00.0003611
2025-05-04 09:56:59,119 REQUEST_PATH:[ /lib/bootstrap/dist/js/bootstrap.bundle.min.js ] End : 00:00:00.0001794
2025-05-04 09:56:59,126 REQUEST_PATH:[ /js/site.js ] End : 00:00:00.0002399
2025-05-04 09:57:05,430 REQUEST_PATH:[ /Home/Formation ] End : 00:00:01.2329582
2025-05-04 16:08:46,463 REQUEST_PATH:[ / ] End : 00:00:00.1516903
2025-05-04 16:08:46,488 REQUEST_PATH:[ /lib/bootstrap/dist/css/bootstrap.min.css ] End : 00:00:00.0156997
2025-05-04 16:08:46,488 REQUEST_PATH:[ /css/site.css ] End : 00:00:00.0158120
2025-05-04 16:08:46,488 REQUEST_PATH:[ /img/portrait/image1.jpg ] End : 00:00:00.0158008
2025-05-04 16:08:46,488 REQUEST_PATH:[ /DHA.styles.css ] End : 00:00:00.0180588
2025-05-04 16:08:46,488 REQUEST_PATH:[ /img/portrait/image2.jpg ] End : 00:00:00.0111672
2025-05-04 16:08:46,491 REQUEST_PATH:[ /lib/jquery/dist/jquery.min.js ] End : 00:00:00.0019947
2025-05-04 16:08:46,495 REQUEST_PATH:[ /img/portrait/image3.jpg ] End : 00:00:00.0001024
2025-05-04 16:08:46,500 REQUEST_PATH:[ /lib/bootstrap/dist/js/bootstrap.bundle.min.js ] End : 00:00:00.0001260
2025-05-04 16:08:46,506 REQUEST_PATH:[ /js/site.js ] End : 00:00:00.0002365
2025-05-04 16:48:09,209 REQUEST_PATH:[ / ] End : 00:00:00.1214249
2025-05-04 16:48:11,901 REQUEST_PATH:[ /Home/Training ] End : 00:00:00.0020831
2025-05-04 16:48:40,178 REQUEST_PATH:[ /DHA.styles.css ] End : 00:00:00.0042441
2025-05-04 16:48:40,178 REQUEST_PATH:[ / ] End : 00:00:00.1149682
2025-05-04 16:48:45,040 REQUEST_PATH:[ /Home/Training ] End : 00:00:01.8257177
2025-05-04 16:49:20,673 REQUEST_PATH:[ /img/portrait/image1.jpg ] End : 00:00:00.0238467
2025-05-04 16:49:20,674 REQUEST_PATH:[ /img/portrait/image2.jpg ] End : 00:00:00.0228194
2025-05-04 16:49:20,674 REQUEST_PATH:[ / ] End : 00:00:00.1288172
2025-05-04 16:49:20,674 REQUEST_PATH:[ /lib/bootstrap/dist/css/bootstrap.min.css ] End : 00:00:00.0214161
2025-05-04 16:49:20,674 REQUEST_PATH:[ /css/site.css ] End : 00:00:00.0238382
2025-05-04 16:49:20,673 REQUEST_PATH:[ /lib/jquery/dist/jquery.min.js ] End : 00:00:00.0146997
2025-05-04 16:49:20,673 REQUEST_PATH:[ /img/portrait/image3.jpg ] End : 00:00:00.0100051
2025-05-04 16:49:20,673 REQUEST_PATH:[ /lib/bootstrap/dist/js/bootstrap.bundle.min.js ] End : 00:00:00.0030774
2025-05-04 16:49:20,673 REQUEST_PATH:[ /js/site.js ] End : 00:00:00.0001418
2025-05-04 16:49:22,409 REQUEST_PATH:[ /Home/Contact ] End : 00:00:00.0091376
2025-05-04 16:49:39,242 REQUEST_PATH:[ / ] End : 00:00:00.1131730
2025-05-04 16:49:43,548 REQUEST_PATH:[ /Home/Training ] End : 00:00:00.8442496
